<?xml version="1.0" encoding="UTF-8" ?>
<testsuites name="vitest tests" tests="5" failures="5" errors="0" time="39.267">
    <testsuite name="src/components/BrokerCard.test.tsx" timestamp="2025-09-30T07:11:16.671Z" hostname="DESKTOP-5SUHK24" tests="1" failures="1" errors="0" skipped="0" time="0">
        <testcase classname="src/components/BrokerCard.test.tsx" name="src/components/BrokerCard.test.tsx" time="0">
            <failure message="Cannot find module &apos;@testing-library/dom&apos;
Require stack:
- C:\Users\LENOVO\Desktop\Brokeranalysisgooglestu\Brokeranalysisgooglestudio\node_modules\@testing-library\react\dist\pure.js" type="Error">
Error: Cannot find module &apos;@testing-library/dom&apos;
Require stack:
- C:\Users\LENOVO\Desktop\Brokeranalysisgooglestu\Brokeranalysisgooglestudio\node_modules\@testing-library\react\dist\pure.js
 ❯ Object.&lt;anonymous&gt; node_modules/@testing-library/react/dist/pure.js:46:12

⎯⎯⎯⎯⎯⎯⎯⎯⎯⎯⎯⎯⎯⎯⎯⎯⎯⎯⎯⎯⎯⎯⎯⎯⎯⎯⎯⎯⎯⎯⎯⎯⎯⎯⎯⎯⎯⎯⎯⎯⎯⎯⎯⎯⎯⎯⎯⎯⎯⎯⎯⎯⎯⎯⎯⎯⎯⎯⎯⎯⎯⎯⎯⎯⎯⎯⎯⎯⎯⎯⎯⎯⎯⎯⎯⎯⎯⎯⎯⎯⎯⎯⎯⎯⎯⎯⎯⎯⎯⎯⎯⎯⎯⎯⎯⎯⎯⎯⎯⎯⎯⎯⎯⎯⎯⎯⎯⎯⎯⎯⎯⎯⎯⎯⎯⎯⎯⎯⎯⎯⎯⎯⎯⎯⎯⎯⎯⎯⎯⎯⎯⎯⎯
Serialized Error: { code: &apos;MODULE_NOT_FOUND&apos;, requireStack: [ &apos;C:\Users\LENOVO\Desktop\Brokeranalysisgooglestu\Brokeranalysisgooglestudio\node_modules\@testing-library\react\dist\pure.js&apos; ] }
            </failure>
        </testcase>
    </testsuite>
    <testsuite name="src/pages/BrokerListing.integration.test.tsx" timestamp="2025-09-30T07:11:16.813Z" hostname="DESKTOP-5SUHK24" tests="1" failures="1" errors="0" skipped="0" time="0">
        <testcase classname="src/pages/BrokerListing.integration.test.tsx" name="src/pages/BrokerListing.integration.test.tsx" time="0">
            <failure message="Cannot find module &apos;@testing-library/dom&apos;
Require stack:
- C:\Users\LENOVO\Desktop\Brokeranalysisgooglestu\Brokeranalysisgooglestudio\node_modules\@testing-library\react\dist\pure.js" type="Error">
Error: Cannot find module &apos;@testing-library/dom&apos;
Require stack:
- C:\Users\LENOVO\Desktop\Brokeranalysisgooglestu\Brokeranalysisgooglestudio\node_modules\@testing-library\react\dist\pure.js
 ❯ Object.&lt;anonymous&gt; node_modules/@testing-library/react/dist/pure.js:46:12

⎯⎯⎯⎯⎯⎯⎯⎯⎯⎯⎯⎯⎯⎯⎯⎯⎯⎯⎯⎯⎯⎯⎯⎯⎯⎯⎯⎯⎯⎯⎯⎯⎯⎯⎯⎯⎯⎯⎯⎯⎯⎯⎯⎯⎯⎯⎯⎯⎯⎯⎯⎯⎯⎯⎯⎯⎯⎯⎯⎯⎯⎯⎯⎯⎯⎯⎯⎯⎯⎯⎯⎯⎯⎯⎯⎯⎯⎯⎯⎯⎯⎯⎯⎯⎯⎯⎯⎯⎯⎯⎯⎯⎯⎯⎯⎯⎯⎯⎯⎯⎯⎯⎯⎯⎯⎯⎯⎯⎯⎯⎯⎯⎯⎯⎯⎯⎯⎯⎯⎯⎯⎯⎯⎯⎯⎯⎯⎯⎯⎯⎯⎯⎯
Serialized Error: { code: &apos;MODULE_NOT_FOUND&apos;, requireStack: [ &apos;C:\Users\LENOVO\Desktop\Brokeranalysisgooglestu\Brokeranalysisgooglestudio\node_modules\@testing-library\react\dist\pure.js&apos; ] }
            </failure>
        </testcase>
    </testsuite>
    <testsuite name="lib/brokerRanking.test.ts" timestamp="2025-09-30T07:11:16.916Z" hostname="DESKTOP-5SUHK24" tests="1" failures="1" errors="0" skipped="0" time="0">
        <testcase classname="lib/brokerRanking.test.ts" name="lib/brokerRanking.test.ts" time="0">
            <failure message="Cannot find module &apos;@testing-library/dom&apos;
Require stack:
- C:\Users\LENOVO\Desktop\Brokeranalysisgooglestu\Brokeranalysisgooglestudio\node_modules\@testing-library\react\dist\pure.js" type="Error">
Error: Cannot find module &apos;@testing-library/dom&apos;
Require stack:
- C:\Users\LENOVO\Desktop\Brokeranalysisgooglestu\Brokeranalysisgooglestudio\node_modules\@testing-library\react\dist\pure.js
 ❯ Object.&lt;anonymous&gt; node_modules/@testing-library/react/dist/pure.js:46:12

⎯⎯⎯⎯⎯⎯⎯⎯⎯⎯⎯⎯⎯⎯⎯⎯⎯⎯⎯⎯⎯⎯⎯⎯⎯⎯⎯⎯⎯⎯⎯⎯⎯⎯⎯⎯⎯⎯⎯⎯⎯⎯⎯⎯⎯⎯⎯⎯⎯⎯⎯⎯⎯⎯⎯⎯⎯⎯⎯⎯⎯⎯⎯⎯⎯⎯⎯⎯⎯⎯⎯⎯⎯⎯⎯⎯⎯⎯⎯⎯⎯⎯⎯⎯⎯⎯⎯⎯⎯⎯⎯⎯⎯⎯⎯⎯⎯⎯⎯⎯⎯⎯⎯⎯⎯⎯⎯⎯⎯⎯⎯⎯⎯⎯⎯⎯⎯⎯⎯⎯⎯⎯⎯⎯⎯⎯⎯⎯⎯⎯⎯⎯⎯
Serialized Error: { code: &apos;MODULE_NOT_FOUND&apos;, requireStack: [ &apos;C:\Users\LENOVO\Desktop\Brokeranalysisgooglestu\Brokeranalysisgooglestudio\node_modules\@testing-library\react\dist\pure.js&apos; ] }
            </failure>
        </testcase>
    </testsuite>
    <testsuite name="components/ui/Button.test.tsx" timestamp="2025-09-30T07:11:17.053Z" hostname="DESKTOP-5SUHK24" tests="1" failures="1" errors="0" skipped="0" time="0">
        <testcase classname="components/ui/Button.test.tsx" name="components/ui/Button.test.tsx" time="0">
            <failure message="Cannot find module &apos;@testing-library/dom&apos;
Require stack:
- C:\Users\LENOVO\Desktop\Brokeranalysisgooglestu\Brokeranalysisgooglestudio\node_modules\@testing-library\react\dist\pure.js" type="Error">
Error: Cannot find module &apos;@testing-library/dom&apos;
Require stack:
- C:\Users\LENOVO\Desktop\Brokeranalysisgooglestu\Brokeranalysisgooglestudio\node_modules\@testing-library\react\dist\pure.js
 ❯ Object.&lt;anonymous&gt; node_modules/@testing-library/react/dist/pure.js:46:12

⎯⎯⎯⎯⎯⎯⎯⎯⎯⎯⎯⎯⎯⎯⎯⎯⎯⎯⎯⎯⎯⎯⎯⎯⎯⎯⎯⎯⎯⎯⎯⎯⎯⎯⎯⎯⎯⎯⎯⎯⎯⎯⎯⎯⎯⎯⎯⎯⎯⎯⎯⎯⎯⎯⎯⎯⎯⎯⎯⎯⎯⎯⎯⎯⎯⎯⎯⎯⎯⎯⎯⎯⎯⎯⎯⎯⎯⎯⎯⎯⎯⎯⎯⎯⎯⎯⎯⎯⎯⎯⎯⎯⎯⎯⎯⎯⎯⎯⎯⎯⎯⎯⎯⎯⎯⎯⎯⎯⎯⎯⎯⎯⎯⎯⎯⎯⎯⎯⎯⎯⎯⎯⎯⎯⎯⎯⎯⎯⎯⎯⎯⎯⎯
Serialized Error: { code: &apos;MODULE_NOT_FOUND&apos;, requireStack: [ &apos;C:\Users\LENOVO\Desktop\Brokeranalysisgooglestu\Brokeranalysisgooglestudio\node_modules\@testing-library\react\dist\pure.js&apos; ] }
            </failure>
        </testcase>
    </testsuite>
    <testsuite name="components/ui/Card.test.tsx" timestamp="2025-09-30T07:11:17.170Z" hostname="DESKTOP-5SUHK24" tests="1" failures="1" errors="0" skipped="0" time="0">
        <testcase classname="components/ui/Card.test.tsx" name="components/ui/Card.test.tsx" time="0">
            <failure message="Cannot find module &apos;@testing-library/dom&apos;
Require stack:
- C:\Users\LENOVO\Desktop\Brokeranalysisgooglestu\Brokeranalysisgooglestudio\node_modules\@testing-library\react\dist\pure.js" type="Error">
Error: Cannot find module &apos;@testing-library/dom&apos;
Require stack:
- C:\Users\LENOVO\Desktop\Brokeranalysisgooglestu\Brokeranalysisgooglestudio\node_modules\@testing-library\react\dist\pure.js
 ❯ Object.&lt;anonymous&gt; node_modules/@testing-library/react/dist/pure.js:46:12

⎯⎯⎯⎯⎯⎯⎯⎯⎯⎯⎯⎯⎯⎯⎯⎯⎯⎯⎯⎯⎯⎯⎯⎯⎯⎯⎯⎯⎯⎯⎯⎯⎯⎯⎯⎯⎯⎯⎯⎯⎯⎯⎯⎯⎯⎯⎯⎯⎯⎯⎯⎯⎯⎯⎯⎯⎯⎯⎯⎯⎯⎯⎯⎯⎯⎯⎯⎯⎯⎯⎯⎯⎯⎯⎯⎯⎯⎯⎯⎯⎯⎯⎯⎯⎯⎯⎯⎯⎯⎯⎯⎯⎯⎯⎯⎯⎯⎯⎯⎯⎯⎯⎯⎯⎯⎯⎯⎯⎯⎯⎯⎯⎯⎯⎯⎯⎯⎯⎯⎯⎯⎯⎯⎯⎯⎯⎯⎯⎯⎯⎯⎯⎯
Serialized Error: { code: &apos;MODULE_NOT_FOUND&apos;, requireStack: [ &apos;C:\Users\LENOVO\Desktop\Brokeranalysisgooglestu\Brokeranalysisgooglestudio\node_modules\@testing-library\react\dist\pure.js&apos; ] }
            </failure>
        </testcase>
    </testsuite>
</testsuites>
